<?xml version="1.0" encoding="UTF-8"?>
<!-- Generated by org.testng.reporters.JUnitReportReporter -->
<testsuite hostname="C02SQ5UNG8WN" failures="0" tests="1" name="com.learning.selenium.LoginPageTest" time="9.751" errors="0" timestamp="16 Nov 2020 21:14:07 GMT" skipped="0">
  <testcase classname="com.learning.selenium.LoginPageTest" name="loginHappyPath" time="9.751"/>
</testsuite> <!-- com.learning.selenium.LoginPageTest -->
