<?xml version="1.0" encoding="UTF-8"?>
<!-- Generated by org.testng.reporters.JUnitReportReporter -->
<testsuite hostname="C02SQ5UNG8WN" failures="0" tests="1" name="com.learning.selenium.ExceptionTest" time="5.094" errors="0" timestamp="17 Nov 2020 20:35:16 GMT" skipped="0">
  <testcase classname="com.learning.selenium.ExceptionTest" name="fun" time="5.094"/>
</testsuite> <!-- com.learning.selenium.ExceptionTest -->
