<?xml version="1.0" encoding="UTF-8"?>
<!-- Generated by org.testng.reporters.JUnitReportReporter -->
<testsuite hostname="C02SQ5UNG8WN" failures="0" tests="1" name="com.learning.selenium.ErrorMessageTest" time="11.288" errors="0" timestamp="08 Nov 2020 18:52:30 GMT" skipped="0">
  <testcase classname="com.learning.selenium.ErrorMessageTest" name="errormess" time="11.288"/>
</testsuite> <!-- com.learning.selenium.ErrorMessageTest -->
